0 info it worked if it ends with ok
1 verbose cli [ '/usr/bin/nodejs', '/usr/bin/npm', 'start' ]
2 info using npm@3.5.2
3 info using node@v4.2.6
4 verbose run-script [ 'prestart', 'start', 'poststart' ]
5 info lifecycle imanxman@1.0.0~prestart: imanxman@1.0.0
6 verbose lifecycle imanxman@1.0.0~prestart: unsafe-perm in lifecycle true
7 verbose lifecycle imanxman@1.0.0~prestart: PATH: /usr/share/npm/bin/node-gyp-bin:/home/imanxman/workonflow/npm/node_modules/.bin:/home/imanxman/bin:/home/imanxman/.local/bin:/usr/local/sbin:/usr/local/bin:/usr/sbin:/usr/bin:/sbin:/bin:/usr/games:/usr/local/games:/snap/bin
8 verbose lifecycle imanxman@1.0.0~prestart: CWD: /home/imanxman/workonflow/npm
9 silly lifecycle imanxman@1.0.0~prestart: Args: [ '-c', 'WS_ENDPOINT = https://ws-bots.teslatele.com/' ]
10 info lifecycle imanxman@1.0.0~prestart: Failed to exec prestart script
11 verbose stack Error: imanxman@1.0.0 prestart: `WS_ENDPOINT = https://ws-bots.teslatele.com/`
11 verbose stack spawn ENOENT
11 verbose stack     at ChildProcess.<anonymous> (/usr/share/npm/lib/utils/spawn.js:17:16)
11 verbose stack     at emitTwo (events.js:87:13)
11 verbose stack     at ChildProcess.emit (events.js:172:7)
11 verbose stack     at maybeClose (internal/child_process.js:821:16)
11 verbose stack     at Process.ChildProcess._handle.onexit (internal/child_process.js:211:5)
12 verbose pkgid imanxman@1.0.0
13 verbose cwd /home/imanxman/workonflow/npm
14 error Linux 4.10.0-42-generic
15 error argv "/usr/bin/nodejs" "/usr/bin/npm" "start"
16 error node v4.2.6
17 error npm  v3.5.2
18 error file sh
19 error code ELIFECYCLE
20 error errno ENOENT
21 error syscall spawn
22 error imanxman@1.0.0 prestart: `WS_ENDPOINT = https://ws-bots.teslatele.com/`
22 error spawn ENOENT
23 error Failed at the imanxman@1.0.0 prestart script 'WS_ENDPOINT = https://ws-bots.teslatele.com/'.
23 error Make sure you have the latest version of node.js and npm installed.
23 error If you do, this is most likely a problem with the imanxman package,
23 error not with npm itself.
23 error Tell the author that this fails on your system:
23 error     WS_ENDPOINT = https://ws-bots.teslatele.com/
23 error You can get information on how to open an issue for this project with:
23 error     npm bugs imanxman
23 error Or if that isn't available, you can get their info via:
23 error     npm owner ls imanxman
23 error There is likely additional logging output above.
24 verbose exit [ 1, true ]
